1538163028573	geckodriver	INFO	Listening on 127.0.0.1:49516
1538163030690	geckodriver::marionette	INFO	Starting browser C:\Program Files (x86)\Mozilla Firefox\firefox.exe with args ["-marionette"]
1538163031018	addons.xpi	WARN	Error parsing extensions state: [Exception... "Component returned failure code: 0x80520012 (NS_ERROR_FILE_NOT_FOUND) [amIAddonManagerStartup.readStartupData]"  nsresult: "0x80520012 (NS_ERROR_FILE_NOT_FOUND)"  location: "JS frame :: resource://gre/modules/addons/XPIProvider.jsm :: loadExtensionState :: line 1596"  data: no] Stack trace: loadExtensionState()@resource://gre/modules/addons/XPIProvider.jsm:1596 < getInstallState()@resource://gre/modules/addons/XPIProvider.jsm:1631 < checkForChanges()@resource://gre/modules/addons/XPIProvider.jsm:3152 < startup()@resource://gre/modules/addons/XPIProvider.jsm:2246 < callProvider()@resource://gre/modules/AddonManager.jsm:271 < _startProvider()@resource://gre/modules/AddonManager.jsm:741 < startup()@resource://gre/modules/AddonManager.jsm:908 < startup()@resource://gre/modules/AddonManager.jsm:3122 < observe()@jar:file:///C:/Program%20Files%20(x86)/Mozilla%20Firefox/omni.ja!/components/addonManager.js:65
1538163031865	Marionette	INFO	Enabled via --marionette
1538163036436	Marionette	INFO	Listening on port 49524
1538163036449	Marionette	INFO	Listening on port 49524
1538163036931	Marionette	WARN	TLS certificate errors will be ignored for this session
1538163036989	Marionette	DEBUG	loaded listener.js
1538163037110	Marionette	DEBUG	Received DOM event "beforeunload" for "about:blank"
1538163037162	Marionette	DEBUG	Received DOM event "pagehide" for "about:blank"
1538163037163	Marionette	DEBUG	Received DOM event "unload" for "about:blank"
1538163037179	Marionette	DEBUG	Received DOM event "DOMContentLoaded" for "http://192.168.0.252:9999/"
1538163037212	Marionette	DEBUG	Received DOM event "pageshow" for "http://192.168.0.252:9999/"
1538163037587	Marionette	INFO	New connections will no longer be accepted
8.0.252:9999/"
1538163014534	Marionette	DEBUG	Received DOM event "pageshow" for "http://192.168.0.252:9999/"
1538163014844	Marionette	INFO	New connections will no longer be accepted
[GFX1-]: Receive IPC close with reason=AbnormalShutdown

build/src/ipc/chromium/src/chrome/common/ipc_channel_win.cc, line 346

###!!! [Child][MessageChannel::SendAndWait] Error: Channel error: cannot send/recv

not send/recv

